C:\Users\Dell\Dropbox\PC\Desktop\ONLINE JUDGE\OJ\codes\a50c6b70-3d75-4aa6-bcf2-629075963446.cpp: In function 'int main()':
C:\Users\Dell\Dropbox\PC\Desktop\ONLINE JUDGE\OJ\codes\a50c6b70-3d75-4aa6-bcf2-629075963446.cpp:13:13: error: 'b' was not declared in this scope
C:\Users\Dell\Dropbox\PC\Desktop\ONLINE JUDGE\OJ\codes\a50c6b70-3d75-4aa6-bcf2-629075963446.cpp:13:14: error: 'print' was not declared in this scope
